<?xml version="1.0" encoding="UTF-8"?>
<!-- Generated by org.testng.reporters.JUnitReportReporter -->
<testsuite hostname="Chaitras-MacBook.local" failures="0" tests="1" name="Academy.validateTitle" time="0.035" errors="0" timestamp="2021-09-17T15:52:37 GMT-07:00" skipped="0">
  <testcase classname="Academy.validateTitle" name="basePageNavigation" time="0.035"/>
  <system-out/>
</testsuite> <!-- Academy.validateTitle -->
