<?xml version="1.0" encoding="UTF-8"?>
<!-- Generated by org.testng.reporters.JUnitReportReporter -->
<testsuite hostname="Chaitras-MacBook.local" failures="0" tests="1" name="Academy.ValidateNavigationBarTest" time="0.065" errors="0" timestamp="2021-09-21T23:30:46 GMT-07:00" skipped="0">
  <testcase classname="Academy.ValidateNavigationBarTest" name="ValidateAppNavigation" time="0.065"/>
  <system-out/>
</testsuite> <!-- Academy.ValidateNavigationBarTest -->
