<?xml version="1.0" encoding="UTF-8"?>
<!-- Generated by org.testng.reporters.JUnitReportReporter -->
<testsuite hostname="Chaitras-MacBook.local" failures="0" tests="2" name="Academy.HomePageTest" time="20.515" errors="0" timestamp="2021-09-22T16:25:19 GMT-07:00" skipped="0">
  <testcase classname="Academy.HomePageTest" name="basePageNavigation" time="16.611"/>
  <system-out/>
  <testcase classname="Academy.HomePageTest" name="basePageNavigation" time="3.904"/>
  <system-out/>
</testsuite> <!-- Academy.HomePageTest -->
