<?xml version="1.0" encoding="UTF-8"?>
<!-- Generated by org.testng.reporters.JUnitReportReporter -->
<testsuite hostname="Chaitras-MacBook.local" failures="0" tests="1" name="Academy.validateNavigationBar" time="0.070" errors="0" timestamp="2021-09-17T15:52:37 GMT-07:00" skipped="0">
  <testcase classname="Academy.validateNavigationBar" name="basePageNavigation" time="0.070"/>
  <system-out/>
</testsuite> <!-- Academy.validateNavigationBar -->
