<?xml version="1.0" encoding="UTF-8"?>
<!-- Generated by org.testng.reporters.JUnitReportReporter -->
<testsuite hostname="Chaitras-MacBook.local" failures="0" tests="2" name="Academy.HomePageTest" time="12.887" errors="0" timestamp="2021-09-24T17:37:46 GMT-07:00" skipped="0">
  <testcase classname="Academy.HomePageTest" name="basePageNavigation" time="8.999"/>
  <system-out/>
  <testcase classname="Academy.HomePageTest" name="basePageNavigation" time="3.888"/>
  <system-out/>
</testsuite> <!-- Academy.HomePageTest -->
