<?xml version="1.0" encoding="UTF-8"?>
<!-- Generated by org.testng.reporters.JUnitReportReporter -->
<testsuite hostname="Chaitras-MacBook.local" failures="0" tests="1" name="Academy.AppTest" time="0.009" errors="0" timestamp="2021-09-24T17:37:46 GMT-07:00" skipped="0">
  <testcase classname="Academy.AppTest" name="shouldAnswerWithTrue" time="0.009"/>
  <system-out/>
</testsuite> <!-- Academy.AppTest -->
